[INFO] Scanning for projects...
[INFO] 
[INFO] ------------------------< org.bijou64:bijou64 >-------------------------
[INFO] Building Bijou64 0.1.0
[INFO]   from pom.xml
[INFO] --------------------------------[ jar ]---------------------------------
[INFO] 
[INFO] --- exec:3.1.0:exec (build-native) @ bijou64 ---
    Finished `release` profile [optimized] target(s) in 0.02s
[INFO] 
[INFO] --- resources:3.3.1:resources (default-resources) @ bijou64 ---
[INFO] skip non existing resourceDirectory /Users/joelhanson/Desktop/Personal/bijou64/src/main/resources
[INFO] 
[INFO] --- compiler:3.11.0:compile (default-compile) @ bijou64 ---
[INFO] Nothing to compile - all classes are up to date
[INFO] 
[INFO] --- resources:3.3.1:testResources (default-testResources) @ bijou64 ---
[INFO] skip non existing resourceDirectory /Users/joelhanson/Desktop/Personal/bijou64/src/test/resources
[INFO] 
[INFO] --- compiler:3.11.0:testCompile (default-testCompile) @ bijou64 ---
[INFO] Nothing to compile - all classes are up to date
[INFO] 
[INFO] --- surefire:3.0.0:test (default-test) @ bijou64 ---
[INFO] Tests are skipped.
[INFO] 
[INFO] --- jar:3.4.1:jar (default-jar) @ bijou64 ---
[INFO] 
[INFO] --- install:3.1.2:install (default-install) @ bijou64 ---
[INFO] Installing /Users/joelhanson/Desktop/Personal/bijou64/pom.xml to /Users/joelhanson/.m2/repository/org/bijou64/bijou64/0.1.0/bijou64-0.1.0.pom
[INFO] Installing /Users/joelhanson/Desktop/Personal/bijou64/target/bijou64-0.1.0.jar to /Users/joelhanson/.m2/repository/org/bijou64/bijou64/0.1.0/bijou64-0.1.0.jar
[INFO] ------------------------------------------------------------------------
[INFO] BUILD SUCCESS
[INFO] ------------------------------------------------------------------------
[INFO] Total time:  0.781 s
[INFO] Finished at: 2026-05-30T10:16:08+05:30
[INFO] ------------------------------------------------------------------------
[INFO] Scanning for projects...
[INFO] 
[INFO] -------------------< org.bijou64:bijou64-kafka-perf >-------------------
[INFO] Building Bijou64 Kafka Performance Benchmark 0.1.0
[INFO]   from pom.xml
[INFO] --------------------------------[ jar ]---------------------------------
[INFO] 
[INFO] --- resources:3.3.1:resources (default-resources) @ bijou64-kafka-perf ---
[INFO] skip non existing resourceDirectory /Users/joelhanson/Desktop/Personal/bijou64/perf/kafka/src/main/resources
[INFO] 
[INFO] --- compiler:3.11.0:compile (default-compile) @ bijou64-kafka-perf ---
[INFO] Nothing to compile - all classes are up to date
[INFO] 
[INFO] --- resources:3.3.1:testResources (default-testResources) @ bijou64-kafka-perf ---
[INFO] skip non existing resourceDirectory /Users/joelhanson/Desktop/Personal/bijou64/perf/kafka/src/test/resources
[INFO] 
[INFO] --- compiler:3.11.0:testCompile (default-testCompile) @ bijou64-kafka-perf ---
[INFO] No sources to compile
[INFO] 
[INFO] --- surefire:3.2.5:test (default-test) @ bijou64-kafka-perf ---
[INFO] Tests are skipped.
[INFO] 
[INFO] --- jar:3.4.1:jar (default-jar) @ bijou64-kafka-perf ---
[INFO] 
[INFO] --- exec:3.6.3:java (default-cli) @ bijou64-kafka-perf ---
Producer variant starting type=int mode=long count=200000
SLF4J: Failed to load class "org.slf4j.impl.StaticLoggerBinder".
SLF4J: Defaulting to no-operation (NOP) logger implementation
SLF4J: See http://www.slf4j.org/codes.html#StaticLoggerBinder for further details.
[WARNING] 
org.apache.kafka.common.errors.SerializationException: Can't convert value of class java.lang.Integer to class org.apache.kafka.common.serialization.LongSerializer specified in value.serializer
    at org.apache.kafka.clients.producer.KafkaProducer.doSend (KafkaProducer.java:1018)
    at org.apache.kafka.clients.producer.KafkaProducer.send (KafkaProducer.java:962)
    at org.apache.kafka.clients.producer.KafkaProducer.send (KafkaProducer.java:847)
    at org.bijou64.perf.kafka.ProducerBenchmarkVariant.main (ProducerBenchmarkVariant.java:80)
    at jdk.internal.reflect.DirectMethodHandleAccessor.invoke (DirectMethodHandleAccessor.java:103)
    at java.lang.reflect.Method.invoke (Method.java:580)
    at org.codehaus.mojo.exec.AbstractExecJavaBase.executeMainMethod (AbstractExecJavaBase.java:402)
    at org.codehaus.mojo.exec.ExecJavaMojo.executeMainMethod (ExecJavaMojo.java:142)
    at org.codehaus.mojo.exec.AbstractExecJavaBase.doExecClassLoader (AbstractExecJavaBase.java:377)
    at org.codehaus.mojo.exec.AbstractExecJavaBase.lambda$execute$0 (AbstractExecJavaBase.java:287)
    at java.lang.Thread.run (Thread.java:1575)
Caused by: java.lang.ClassCastException: class java.lang.Integer cannot be cast to class java.lang.Long (java.lang.Integer and java.lang.Long are in module java.base of loader 'bootstrap')
    at org.apache.kafka.common.serialization.LongSerializer.serialize (LongSerializer.java:19)
    at org.apache.kafka.common.serialization.Serializer.serialize (Serializer.java:62)
    at org.apache.kafka.clients.producer.KafkaProducer.doSend (KafkaProducer.java:1015)
    at org.apache.kafka.clients.producer.KafkaProducer.send (KafkaProducer.java:962)
    at org.apache.kafka.clients.producer.KafkaProducer.send (KafkaProducer.java:847)
    at org.bijou64.perf.kafka.ProducerBenchmarkVariant.main (ProducerBenchmarkVariant.java:80)
    at jdk.internal.reflect.DirectMethodHandleAccessor.invoke (DirectMethodHandleAccessor.java:103)
    at java.lang.reflect.Method.invoke (Method.java:580)
    at org.codehaus.mojo.exec.AbstractExecJavaBase.executeMainMethod (AbstractExecJavaBase.java:402)
    at org.codehaus.mojo.exec.ExecJavaMojo.executeMainMethod (ExecJavaMojo.java:142)
    at org.codehaus.mojo.exec.AbstractExecJavaBase.doExecClassLoader (AbstractExecJavaBase.java:377)
    at org.codehaus.mojo.exec.AbstractExecJavaBase.lambda$execute$0 (AbstractExecJavaBase.java:287)
    at java.lang.Thread.run (Thread.java:1575)
[INFO] ------------------------------------------------------------------------
[INFO] BUILD FAILURE
[INFO] ------------------------------------------------------------------------
[INFO] Total time:  1.021 s
[INFO] Finished at: 2026-05-30T10:16:10+05:30
[INFO] ------------------------------------------------------------------------
[ERROR] Failed to execute goal org.codehaus.mojo:exec-maven-plugin:3.6.3:java (default-cli) on project bijou64-kafka-perf: An exception occurred while executing the Java class. Can't convert value of class java.lang.Integer to class org.apache.kafka.common.serialization.LongSerializer specified in value.serializer: class java.lang.Integer cannot be cast to class java.lang.Long (java.lang.Integer and java.lang.Long are in module java.base of loader 'bootstrap') -> [Help 1]
[ERROR] 
[ERROR] To see the full stack trace of the errors, re-run Maven with the -e switch.
[ERROR] Re-run Maven using the -X switch to enable full debug logging.
[ERROR] 
[ERROR] For more information about the errors and possible solutions, please read the following articles:
[ERROR] [Help 1] http://cwiki.apache.org/confluence/display/MAVEN/MojoExecutionException
