[INFO] Scanning for projects...
[INFO] 
[INFO] ------------------------< org.bijou64:bijou64 >-------------------------
[INFO] Building Bijou64 0.1.0
[INFO]   from pom.xml
[INFO] --------------------------------[ jar ]---------------------------------
[INFO] 
[INFO] --- exec:3.1.0:exec (build-native) @ bijou64 ---
    Finished `release` profile [optimized] target(s) in 0.02s
[INFO] 
[INFO] --- resources:3.3.1:resources (default-resources) @ bijou64 ---
[INFO] skip non existing resourceDirectory /Users/joelhanson/Desktop/Personal/bijou64/src/main/resources
[INFO] 
[INFO] --- compiler:3.11.0:compile (default-compile) @ bijou64 ---
[INFO] Nothing to compile - all classes are up to date
[INFO] 
[INFO] --- resources:3.3.1:testResources (default-testResources) @ bijou64 ---
[INFO] skip non existing resourceDirectory /Users/joelhanson/Desktop/Personal/bijou64/src/test/resources
[INFO] 
[INFO] --- compiler:3.11.0:testCompile (default-testCompile) @ bijou64 ---
[INFO] Nothing to compile - all classes are up to date
[INFO] 
[INFO] --- surefire:3.0.0:test (default-test) @ bijou64 ---
[INFO] Tests are skipped.
[INFO] 
[INFO] --- jar:3.4.1:jar (default-jar) @ bijou64 ---
[INFO] 
[INFO] --- install:3.1.2:install (default-install) @ bijou64 ---
[INFO] Installing /Users/joelhanson/Desktop/Personal/bijou64/pom.xml to /Users/joelhanson/.m2/repository/org/bijou64/bijou64/0.1.0/bijou64-0.1.0.pom
[INFO] Installing /Users/joelhanson/Desktop/Personal/bijou64/target/bijou64-0.1.0.jar to /Users/joelhanson/.m2/repository/org/bijou64/bijou64/0.1.0/bijou64-0.1.0.jar
[INFO] ------------------------------------------------------------------------
[INFO] BUILD SUCCESS
[INFO] ------------------------------------------------------------------------
[INFO] Total time:  0.892 s
[INFO] Finished at: 2026-05-30T10:16:56+05:30
[INFO] ------------------------------------------------------------------------
[INFO] Scanning for projects...
[INFO] 
[INFO] -------------------< org.bijou64:bijou64-kafka-perf >-------------------
[INFO] Building Bijou64 Kafka Performance Benchmark 0.1.0
[INFO]   from pom.xml
[INFO] --------------------------------[ jar ]---------------------------------
[INFO] 
[INFO] --- resources:3.3.1:resources (default-resources) @ bijou64-kafka-perf ---
[INFO] skip non existing resourceDirectory /Users/joelhanson/Desktop/Personal/bijou64/perf/kafka/src/main/resources
[INFO] 
[INFO] --- compiler:3.11.0:compile (default-compile) @ bijou64-kafka-perf ---
[INFO] Nothing to compile - all classes are up to date
[INFO] 
[INFO] --- resources:3.3.1:testResources (default-testResources) @ bijou64-kafka-perf ---
[INFO] skip non existing resourceDirectory /Users/joelhanson/Desktop/Personal/bijou64/perf/kafka/src/test/resources
[INFO] 
[INFO] --- compiler:3.11.0:testCompile (default-testCompile) @ bijou64-kafka-perf ---
[INFO] No sources to compile
[INFO] 
[INFO] --- surefire:3.2.5:test (default-test) @ bijou64-kafka-perf ---
[INFO] Tests are skipped.
[INFO] 
[INFO] --- jar:3.4.1:jar (default-jar) @ bijou64-kafka-perf ---
[INFO] 
[INFO] --- exec:3.6.3:java (default-cli) @ bijou64-kafka-perf ---
Producer variant starting type=bytes mode=long count=200000
SLF4J: Failed to load class "org.slf4j.impl.StaticLoggerBinder".
SLF4J: Defaulting to no-operation (NOP) logger implementation
SLF4J: See http://www.slf4j.org/codes.html#StaticLoggerBinder for further details.
Finished sending 200,000 records in 1.149 seconds.
Producer rate: 174,051 records/sec
Average payload size: 8.0 bytes
[INFO] ------------------------------------------------------------------------
[INFO] BUILD SUCCESS
[INFO] ------------------------------------------------------------------------
[INFO] Total time:  2.429 s
[INFO] Finished at: 2026-05-30T10:17:00+05:30
[INFO] ------------------------------------------------------------------------
